[debug] [2024-01-28T19:40:18.183Z] ----------------------------------------------------------------------
[debug] [2024-01-28T19:40:18.189Z] Command:       C:\Program Files\nodejs\node.exe C:\Users\darsh\AppData\Roaming\npm\node_modules\firebase-tools\lib\bin\firebase.js init
[debug] [2024-01-28T19:40:18.190Z] CLI Version:   13.0.3
[debug] [2024-01-28T19:40:18.190Z] Platform:      win32
[debug] [2024-01-28T19:40:18.190Z] Node Version:  v20.10.0
[debug] [2024-01-28T19:40:18.191Z] Time:          Mon Jan 29 2024 01:10:18 GMT+0530 (India Standard Time)
[debug] [2024-01-28T19:40:18.191Z] ----------------------------------------------------------------------
[debug] 
[debug] [2024-01-28T19:40:18.205Z] > command requires scopes: ["email","openid","https://www.googleapis.com/auth/cloudplatformprojects.readonly","https://www.googleapis.com/auth/firebase","https://www.googleapis.com/auth/cloud-platform"]
[debug] [2024-01-28T19:40:18.206Z] > authorizing via signed-in user (sohanlaljain17017@gmail.com)
[info] 
     ######## #### ########  ######## ########     ###     ######  ########
     ##        ##  ##     ## ##       ##     ##  ##   ##  ##       ##
     ######    ##  ########  ######   ########  #########  ######  ######
     ##        ##  ##    ##  ##       ##     ## ##     ##       ## ##
     ##       #### ##     ## ######## ########  ##     ##  ######  ########

You're about to initialize a Firebase project in this directory:

  C:\Darshan\WebRTC-Video-call

Before we get started, keep in mind:

  * You are currently outside your home directory

[info] 
=== Project Setup
[info] 
[info] First, let's associate this project directory with a Firebase project.
[info] You can create multiple project aliases by running firebase use --add, 
[info] but for now we'll just set up a default project.
[info] 
